<?xml version="1.0" encoding="UTF-8" ?>
<testsuite failures="0" time="22.563" errors="0" skipped="0" tests="1" name="TestSuite">
  <properties>
    <property name="java.runtime.name" value="Java(TM) SE Runtime Environment"/>
    <property name="sun.boot.library.path" value="C:\Program Files (x86)\Java\jdk1.7.0\jre\bin"/>
    <property name="java.vm.version" value="24.60-b09"/>
    <property name="java.vm.vendor" value="Oracle Corporation"/>
    <property name="java.vendor.url" value="http://java.oracle.com/"/>
    <property name="path.separator" value=";"/>
    <property name="java.vm.name" value="Java HotSpot(TM) Client VM"/>
    <property name="file.encoding.pkg" value="sun.io"/>
    <property name="user.script" value=""/>
    <property name="user.country" value="CN"/>
    <property name="sun.java.launcher" value="SUN_STANDARD"/>
    <property name="sun.os.patch.level" value="Service Pack 1"/>
    <property name="java.vm.specification.name" value="Java Virtual Machine Specification"/>
    <property name="user.dir" value="D:\workspace\AutotestDemo"/>
    <property name="java.runtime.version" value="1.7.0_60-b19"/>
    <property name="java.awt.graphicsenv" value="sun.awt.Win32GraphicsEnvironment"/>
    <property name="basedir" value="D:\workspace\AutotestDemo"/>
    <property name="java.endorsed.dirs" value="C:\Program Files (x86)\Java\jdk1.7.0\jre\lib\endorsed"/>
    <property name="os.arch" value="x86"/>
    <property name="surefire.real.class.path" value="C:\Users\sisic\AppData\Local\Temp\surefirebooter586156453278232199.jar"/>
    <property name="java.io.tmpdir" value="C:\Users\sisic\AppData\Local\Temp\"/>
    <property name="line.separator" value="
"/>
    <property name="java.vm.specification.vendor" value="Oracle Corporation"/>
    <property name="user.variant" value=""/>
    <property name="os.name" value="Windows 7"/>
    <property name="sun.jnu.encoding" value="GBK"/>
    <property name="java.library.path" value="C:\Program Files (x86)\Java\jdk1.7.0\jre\bin;C:\Windows\Sun\Java\bin;C:\Windows\system32;C:\Windows;C:\Program Files (x86)\Intel\iCLS Client\;C:\Program Files\Intel\iCLS Client\;C:\Program Files\Broadcom\Broadcom 802.11 Network Adapter\Driver;;C:\Program Files (x86)\NVIDIA Corporation\PhysX\Common;C:\Windows\system32;C:\Windows;C:\Windows\System32\Wbem;C:\Windows\System32\WindowsPowerShell\v1.0\;C:\Program Files (x86)\Intel\OpenCL SDK\2.0\bin\x86;C:\Program Files (x86)\Intel\OpenCL SDK\2.0\bin\x64;C:\Program Files\Intel\Intel(R) Management Engine Components\DAL;C:\Program Files\Intel\Intel(R) Management Engine Components\IPT;C:\Program Files (x86)\Intel\Intel(R) Management Engine Components\DAL;C:\Program Files (x86)\Intel\Intel(R) Management Engine Components\IPT;C:\Program Files\TortoiseHg\; C:\Program Files (x86)\Java\jdk1.7.0\bin;C:\Program Files (x86)\Java\jdk1.7.0\jre\bin;E:\tools\java-tools\apache-maven-3.1.0\bin;E:\tools\java-tools\apache-tomcat-7.0.47\bin;E:\tools\java-tools\apache-tomcat-7.0.47\lib\servlet-api.jar;E:\tools\java-tools\apache-tomcat-7.0.47\lib\servlet-api.jar;;."/>
    <property name="surefire.test.class.path" value="D:\workspace\AutotestDemo\target\test-classes;D:\workspace\AutotestDemo\target\classes;E:\tools\java-tools\apache-maven-3.1.0\repos\org\testng\testng\6.8.8\testng-6.8.8.jar;E:\tools\java-tools\apache-maven-3.1.0\repos\org\beanshell\bsh\2.0b4\bsh-2.0b4.jar;E:\tools\java-tools\apache-maven-3.1.0\repos\com\beust\jcommander\1.27\jcommander-1.27.jar;E:\tools\java-tools\apache-maven-3.1.0\repos\org\seleniumhq\selenium\selenium-java\2.42.2\selenium-java-2.42.2.jar;E:\tools\java-tools\apache-maven-3.1.0\repos\org\seleniumhq\selenium\selenium-chrome-driver\2.42.2\selenium-chrome-driver-2.42.2.jar;E:\tools\java-tools\apache-maven-3.1.0\repos\org\seleniumhq\selenium\selenium-remote-driver\2.42.2\selenium-remote-driver-2.42.2.jar;E:\tools\java-tools\apache-maven-3.1.0\repos\cglib\cglib-nodep\2.1_3\cglib-nodep-2.1_3.jar;E:\tools\java-tools\apache-maven-3.1.0\repos\org\json\json\20080701\json-20080701.jar;E:\tools\java-tools\apache-maven-3.1.0\repos\com\google\guava\guava\15.0\guava-15.0.jar;E:\tools\java-tools\apache-maven-3.1.0\repos\org\seleniumhq\selenium\selenium-htmlunit-driver\2.42.2\selenium-htmlunit-driver-2.42.2.jar;E:\tools\java-tools\apache-maven-3.1.0\repos\net\sourceforge\htmlunit\htmlunit\2.14\htmlunit-2.14.jar;E:\tools\java-tools\apache-maven-3.1.0\repos\xalan\xalan\2.7.1\xalan-2.7.1.jar;E:\tools\java-tools\apache-maven-3.1.0\repos\xalan\serializer\2.7.1\serializer-2.7.1.jar;E:\tools\java-tools\apache-maven-3.1.0\repos\commons-collections\commons-collections\3.2.1\commons-collections-3.2.1.jar;E:\tools\java-tools\apache-maven-3.1.0\repos\org\apache\commons\commons-lang3\3.2.1\commons-lang3-3.2.1.jar;E:\tools\java-tools\apache-maven-3.1.0\repos\org\apache\httpcomponents\httpmime\4.3.2\httpmime-4.3.2.jar;E:\tools\java-tools\apache-maven-3.1.0\repos\commons-codec\commons-codec\1.9\commons-codec-1.9.jar;E:\tools\java-tools\apache-maven-3.1.0\repos\net\sourceforge\htmlunit\htmlunit-core-js\2.14\htmlunit-core-js-2.14.jar;E:\tools\java-tools\apache-maven-3.1.0\repos\xerces\xercesImpl\2.11.0\xercesImpl-2.11.0.jar;E:\tools\java-tools\apache-maven-3.1.0\repos\xml-apis\xml-apis\1.4.01\xml-apis-1.4.01.jar;E:\tools\java-tools\apache-maven-3.1.0\repos\net\sourceforge\nekohtml\nekohtml\1.9.20\nekohtml-1.9.20.jar;E:\tools\java-tools\apache-maven-3.1.0\repos\net\sourceforge\cssparser\cssparser\0.9.13\cssparser-0.9.13.jar;E:\tools\java-tools\apache-maven-3.1.0\repos\org\w3c\css\sac\1.3\sac-1.3.jar;E:\tools\java-tools\apache-maven-3.1.0\repos\commons-logging\commons-logging\1.1.3\commons-logging-1.1.3.jar;E:\tools\java-tools\apache-maven-3.1.0\repos\org\eclipse\jetty\jetty-websocket\8.1.14.v20131031\jetty-websocket-8.1.14.v20131031.jar;E:\tools\java-tools\apache-maven-3.1.0\repos\org\eclipse\jetty\jetty-util\8.1.14.v20131031\jetty-util-8.1.14.v20131031.jar;E:\tools\java-tools\apache-maven-3.1.0\repos\org\eclipse\jetty\jetty-io\8.1.14.v20131031\jetty-io-8.1.14.v20131031.jar;E:\tools\java-tools\apache-maven-3.1.0\repos\org\eclipse\jetty\jetty-http\8.1.14.v20131031\jetty-http-8.1.14.v20131031.jar;E:\tools\java-tools\apache-maven-3.1.0\repos\org\apache\httpcomponents\httpclient\4.3.2\httpclient-4.3.2.jar;E:\tools\java-tools\apache-maven-3.1.0\repos\org\apache\httpcomponents\httpcore\4.3.1\httpcore-4.3.1.jar;E:\tools\java-tools\apache-maven-3.1.0\repos\org\seleniumhq\selenium\selenium-firefox-driver\2.42.2\selenium-firefox-driver-2.42.2.jar;E:\tools\java-tools\apache-maven-3.1.0\repos\commons-io\commons-io\2.4\commons-io-2.4.jar;E:\tools\java-tools\apache-maven-3.1.0\repos\org\apache\commons\commons-exec\1.1\commons-exec-1.1.jar;E:\tools\java-tools\apache-maven-3.1.0\repos\org\seleniumhq\selenium\selenium-ie-driver\2.42.2\selenium-ie-driver-2.42.2.jar;E:\tools\java-tools\apache-maven-3.1.0\repos\net\java\dev\jna\jna\3.4.0\jna-3.4.0.jar;E:\tools\java-tools\apache-maven-3.1.0\repos\net\java\dev\jna\platform\3.4.0\platform-3.4.0.jar;E:\tools\java-tools\apache-maven-3.1.0\repos\org\seleniumhq\selenium\selenium-safari-driver\2.42.2\selenium-safari-driver-2.42.2.jar;E:\tools\java-tools\apache-maven-3.1.0\repos\org\seleniumhq\selenium\selenium-support\2.42.2\selenium-support-2.42.2.jar;E:\tools\java-tools\apache-maven-3.1.0\repos\org\seleniumhq\selenium\selenium-api\2.42.2\selenium-api-2.42.2.jar;E:\tools\java-tools\apache-maven-3.1.0\repos\org\webbitserver\webbit\0.4.14\webbit-0.4.14.jar;E:\tools\java-tools\apache-maven-3.1.0\repos\io\netty\netty\3.5.2.Final\netty-3.5.2.Final.jar;E:\tools\java-tools\apache-maven-3.1.0\repos\log4j\log4j\1.2.17\log4j-1.2.17.jar;E:\tools\java-tools\apache-maven-3.1.0\repos\org\uncommons\reportng\1.1.4\reportng-1.1.4.jar;E:\tools\java-tools\apache-maven-3.1.0\repos\velocity\velocity\1.4\velocity-1.4.jar;E:\tools\java-tools\apache-maven-3.1.0\repos\velocity\velocity-dep\1.4\velocity-dep-1.4.jar;E:\tools\java-tools\apache-maven-3.1.0\repos\com\google\inject\guice\3.0\guice-3.0.jar;E:\tools\java-tools\apache-maven-3.1.0\repos\javax\inject\javax.inject\1\javax.inject-1.jar;E:\tools\java-tools\apache-maven-3.1.0\repos\aopalliance\aopalliance\1.0\aopalliance-1.0.jar;"/>
    <property name="java.specification.name" value="Java Platform API Specification"/>
    <property name="java.class.version" value="51.0"/>
    <property name="sun.management.compiler" value="HotSpot Client Compiler"/>
    <property name="os.version" value="6.1"/>
    <property name="user.home" value="C:\Users\sisic"/>
    <property name="user.timezone" value="Asia/Shanghai"/>
    <property name="java.awt.printerjob" value="sun.awt.windows.WPrinterJob"/>
    <property name="java.specification.version" value="1.7"/>
    <property name="file.encoding" value="GBK"/>
    <property name="user.name" value="sisic"/>
    <property name="java.class.path" value="D:\workspace\AutotestDemo\target\test-classes;D:\workspace\AutotestDemo\target\classes;E:\tools\java-tools\apache-maven-3.1.0\repos\org\testng\testng\6.8.8\testng-6.8.8.jar;E:\tools\java-tools\apache-maven-3.1.0\repos\org\beanshell\bsh\2.0b4\bsh-2.0b4.jar;E:\tools\java-tools\apache-maven-3.1.0\repos\com\beust\jcommander\1.27\jcommander-1.27.jar;E:\tools\java-tools\apache-maven-3.1.0\repos\org\seleniumhq\selenium\selenium-java\2.42.2\selenium-java-2.42.2.jar;E:\tools\java-tools\apache-maven-3.1.0\repos\org\seleniumhq\selenium\selenium-chrome-driver\2.42.2\selenium-chrome-driver-2.42.2.jar;E:\tools\java-tools\apache-maven-3.1.0\repos\org\seleniumhq\selenium\selenium-remote-driver\2.42.2\selenium-remote-driver-2.42.2.jar;E:\tools\java-tools\apache-maven-3.1.0\repos\cglib\cglib-nodep\2.1_3\cglib-nodep-2.1_3.jar;E:\tools\java-tools\apache-maven-3.1.0\repos\org\json\json\20080701\json-20080701.jar;E:\tools\java-tools\apache-maven-3.1.0\repos\com\google\guava\guava\15.0\guava-15.0.jar;E:\tools\java-tools\apache-maven-3.1.0\repos\org\seleniumhq\selenium\selenium-htmlunit-driver\2.42.2\selenium-htmlunit-driver-2.42.2.jar;E:\tools\java-tools\apache-maven-3.1.0\repos\net\sourceforge\htmlunit\htmlunit\2.14\htmlunit-2.14.jar;E:\tools\java-tools\apache-maven-3.1.0\repos\xalan\xalan\2.7.1\xalan-2.7.1.jar;E:\tools\java-tools\apache-maven-3.1.0\repos\xalan\serializer\2.7.1\serializer-2.7.1.jar;E:\tools\java-tools\apache-maven-3.1.0\repos\commons-collections\commons-collections\3.2.1\commons-collections-3.2.1.jar;E:\tools\java-tools\apache-maven-3.1.0\repos\org\apache\commons\commons-lang3\3.2.1\commons-lang3-3.2.1.jar;E:\tools\java-tools\apache-maven-3.1.0\repos\org\apache\httpcomponents\httpmime\4.3.2\httpmime-4.3.2.jar;E:\tools\java-tools\apache-maven-3.1.0\repos\commons-codec\commons-codec\1.9\commons-codec-1.9.jar;E:\tools\java-tools\apache-maven-3.1.0\repos\net\sourceforge\htmlunit\htmlunit-core-js\2.14\htmlunit-core-js-2.14.jar;E:\tools\java-tools\apache-maven-3.1.0\repos\xerces\xercesImpl\2.11.0\xercesImpl-2.11.0.jar;E:\tools\java-tools\apache-maven-3.1.0\repos\xml-apis\xml-apis\1.4.01\xml-apis-1.4.01.jar;E:\tools\java-tools\apache-maven-3.1.0\repos\net\sourceforge\nekohtml\nekohtml\1.9.20\nekohtml-1.9.20.jar;E:\tools\java-tools\apache-maven-3.1.0\repos\net\sourceforge\cssparser\cssparser\0.9.13\cssparser-0.9.13.jar;E:\tools\java-tools\apache-maven-3.1.0\repos\org\w3c\css\sac\1.3\sac-1.3.jar;E:\tools\java-tools\apache-maven-3.1.0\repos\commons-logging\commons-logging\1.1.3\commons-logging-1.1.3.jar;E:\tools\java-tools\apache-maven-3.1.0\repos\org\eclipse\jetty\jetty-websocket\8.1.14.v20131031\jetty-websocket-8.1.14.v20131031.jar;E:\tools\java-tools\apache-maven-3.1.0\repos\org\eclipse\jetty\jetty-util\8.1.14.v20131031\jetty-util-8.1.14.v20131031.jar;E:\tools\java-tools\apache-maven-3.1.0\repos\org\eclipse\jetty\jetty-io\8.1.14.v20131031\jetty-io-8.1.14.v20131031.jar;E:\tools\java-tools\apache-maven-3.1.0\repos\org\eclipse\jetty\jetty-http\8.1.14.v20131031\jetty-http-8.1.14.v20131031.jar;E:\tools\java-tools\apache-maven-3.1.0\repos\org\apache\httpcomponents\httpclient\4.3.2\httpclient-4.3.2.jar;E:\tools\java-tools\apache-maven-3.1.0\repos\org\apache\httpcomponents\httpcore\4.3.1\httpcore-4.3.1.jar;E:\tools\java-tools\apache-maven-3.1.0\repos\org\seleniumhq\selenium\selenium-firefox-driver\2.42.2\selenium-firefox-driver-2.42.2.jar;E:\tools\java-tools\apache-maven-3.1.0\repos\commons-io\commons-io\2.4\commons-io-2.4.jar;E:\tools\java-tools\apache-maven-3.1.0\repos\org\apache\commons\commons-exec\1.1\commons-exec-1.1.jar;E:\tools\java-tools\apache-maven-3.1.0\repos\org\seleniumhq\selenium\selenium-ie-driver\2.42.2\selenium-ie-driver-2.42.2.jar;E:\tools\java-tools\apache-maven-3.1.0\repos\net\java\dev\jna\jna\3.4.0\jna-3.4.0.jar;E:\tools\java-tools\apache-maven-3.1.0\repos\net\java\dev\jna\platform\3.4.0\platform-3.4.0.jar;E:\tools\java-tools\apache-maven-3.1.0\repos\org\seleniumhq\selenium\selenium-safari-driver\2.42.2\selenium-safari-driver-2.42.2.jar;E:\tools\java-tools\apache-maven-3.1.0\repos\org\seleniumhq\selenium\selenium-support\2.42.2\selenium-support-2.42.2.jar;E:\tools\java-tools\apache-maven-3.1.0\repos\org\seleniumhq\selenium\selenium-api\2.42.2\selenium-api-2.42.2.jar;E:\tools\java-tools\apache-maven-3.1.0\repos\org\webbitserver\webbit\0.4.14\webbit-0.4.14.jar;E:\tools\java-tools\apache-maven-3.1.0\repos\io\netty\netty\3.5.2.Final\netty-3.5.2.Final.jar;E:\tools\java-tools\apache-maven-3.1.0\repos\log4j\log4j\1.2.17\log4j-1.2.17.jar;E:\tools\java-tools\apache-maven-3.1.0\repos\org\uncommons\reportng\1.1.4\reportng-1.1.4.jar;E:\tools\java-tools\apache-maven-3.1.0\repos\velocity\velocity\1.4\velocity-1.4.jar;E:\tools\java-tools\apache-maven-3.1.0\repos\velocity\velocity-dep\1.4\velocity-dep-1.4.jar;E:\tools\java-tools\apache-maven-3.1.0\repos\com\google\inject\guice\3.0\guice-3.0.jar;E:\tools\java-tools\apache-maven-3.1.0\repos\javax\inject\javax.inject\1\javax.inject-1.jar;E:\tools\java-tools\apache-maven-3.1.0\repos\aopalliance\aopalliance\1.0\aopalliance-1.0.jar;"/>
    <property name="java.vm.specification.version" value="1.7"/>
    <property name="sun.arch.data.model" value="32"/>
    <property name="java.home" value="C:\Program Files (x86)\Java\jdk1.7.0\jre"/>
    <property name="sun.java.command" value="C:\Users\sisic\AppData\Local\Temp\surefirebooter586156453278232199.jar C:\Users\sisic\AppData\Local\Temp\surefire8732076815636628909tmp C:\Users\sisic\AppData\Local\Temp\surefire7342399993642991157tmp"/>
    <property name="java.specification.vendor" value="Oracle Corporation"/>
    <property name="user.language" value="zh"/>
    <property name="awt.toolkit" value="sun.awt.windows.WToolkit"/>
    <property name="java.vm.info" value="mixed mode, sharing"/>
    <property name="java.version" value="1.7.0_60"/>
    <property name="java.ext.dirs" value="C:\Program Files (x86)\Java\jdk1.7.0\jre\lib\ext;C:\Windows\Sun\Java\lib\ext"/>
    <property name="sun.boot.class.path" value="C:\Program Files (x86)\Java\jdk1.7.0\jre\lib\resources.jar;C:\Program Files (x86)\Java\jdk1.7.0\jre\lib\rt.jar;C:\Program Files (x86)\Java\jdk1.7.0\jre\lib\sunrsasign.jar;C:\Program Files (x86)\Java\jdk1.7.0\jre\lib\jsse.jar;C:\Program Files (x86)\Java\jdk1.7.0\jre\lib\jce.jar;C:\Program Files (x86)\Java\jdk1.7.0\jre\lib\charsets.jar;C:\Program Files (x86)\Java\jdk1.7.0\jre\lib\jfr.jar;C:\Program Files (x86)\Java\jdk1.7.0\jre\classes"/>
    <property name="java.vendor" value="Oracle Corporation"/>
    <property name="localRepository" value="E:\tools\java-tools\apache-maven-3.1.0\repos"/>
    <property name="file.separator" value="\"/>
    <property name="java.vendor.url.bug" value="http://bugreport.sun.com/bugreport/"/>
    <property name="sun.cpu.endian" value="little"/>
    <property name="sun.io.unicode.encoding" value="UnicodeLittle"/>
    <property name="sun.desktop" value="windows"/>
    <property name="sun.cpu.isalist" value="pentium_pro+mmx pentium_pro pentium+mmx pentium i486 i386 i86"/>
  </properties>
  <testcase time="1.052" classname="com.jumei.autotest.testcase.FirstDemo" name="openUrl"/>
</testsuite>