<?xml version="1.0" encoding="UTF-8"?>
<!-- Generated by org.testng.reporters.JUnitReportReporter -->
<testsuite hostname="HQ-06853" name="com.jumei.autotest.testcase.FirstDemo" tests="1" failures="0" timestamp="31 Jul 2014 06:04:54 GMT" time="0.991" errors="0">
  <testcase name="openUrl" time="0.991" classname="com.jumei.autotest.testcase.FirstDemo"/>
</testsuite> <!-- com.jumei.autotest.testcase.FirstDemo -->
