<?xml version="1.0" encoding="UTF-8"?>
<!-- Generated by org.testng.reporters.JUnitReportReporter -->
<testsuite hostname="HQ-06853" name="com.jumei.autotest.testcase.FirstDemoTest" tests="1" failures="0" timestamp="31 Jul 2014 06:27:51 GMT" time="0.509" errors="0">
  <testcase name="openUrl" time="0.509" classname="com.jumei.autotest.testcase.FirstDemoTest"/>
</testsuite> <!-- com.jumei.autotest.testcase.FirstDemoTest -->
